#
# A fatal error has been detected by the Java Runtime Environment:
#
#  SIGSEGV (0xb) at pc=0x000000011ff48381, pid=2523, tid=1811
#
# JRE version: Java(TM) SE Runtime Environment (8.0_20-b26) (build 1.8.0_20-b26)
# Java VM: Java HotSpot(TM) 64-Bit Server VM (25.20-b23 mixed mode bsd-amd64 compressed oops)
# Problematic frame:
# C  [libglass.dylib+0x16381]  GlassScreenDidChangeScreenParameters+0x21
#
# Failed to write core dump. Core dumps have been disabled. To enable core dumping, try "ulimit -c unlimited" before starting Java again
#
# If you would like to submit a bug report, please visit:
#   http://bugreport.sun.com/bugreport/crash.jsp
#

---------------  T H R E A D  ---------------

Current thread is native thread

siginfo: si_signo: 11 (SIGSEGV), si_code: 1 (SEGV_MAPERR), si_addr: 0x0000000000000000

Registers:
RAX=0x000000011ff7ad48, RBX=0x0000000000000000, RCX=0x1200ed12de8a6917, RDX=0x00007fff780131f8
RSP=0x00007fff58fc80f0, RBP=0x00007fff58fc8100, RSI=0x00007f8d51c33e98, RDI=0x0000000000000000
R8 =0x00007fff58fc7fa0, R9 =0x00007fff77368300, R10=0x0000000000000000, R11=0x0000000000000246
R12=0x00007f8d53908050, R13=0x00000000000f4268, R14=0x00007f8d51f2d590, R15=0x00007fff58fc8240
RIP=0x000000011ff48381, EFLAGS=0x0000000000010246, ERR=0x0000000000000004
  TRAPNO=0x000000000000000e

Top of Stack: (sp=0x00007fff58fc80f0)
0x00007fff58fc80f0:   00007fff58fc82d0 00007f8d51f2d590
0x00007fff58fc8100:   00007fff58fc8110 00007fff8cf55cbc
0x00007fff58fc8110:   00007fff58fc8470 00007fff8ce471b4
0x00007fff58fc8120:   00007f8d53a12140 0000000000000a00
0x00007fff58fc8130:   0000000000000000 00007fff76be78c8
0x00007fff58fc8140:   00007fff76be78c8 0000000000000288
0x00007fff58fc8150:   00007fff58fc81f0 00007f8d51f2d590
0x00007fff58fc8160:   0000000000000000 00007fff58fc8240
0x00007fff58fc8170:   0000000000000000 00007f8d51f2d8b0
0x00007fff58fc8180:   00007fff58fc82c0 000000000000001b
0x00007fff58fc8190:   00000000000f428f 00007f8d538032b0
0x00007fff58fc81a0:   00007f8d51f1d560 00007f8d53908050
0x00007fff58fc81b0:   0000000000000001 00000000000f4268
0x00007fff58fc81c0:   00007f8d53908040 00007fff77ac3348
0x00007fff58fc81d0:   00007fff8d4621e6 00007fff77ac3348
0x00007fff58fc81e0:   00007fff76be78c8 00007fff93cf58a8
0x00007fff58fc81f0:   00007fff58fc8240 00007fff87c04aea
0x00007fff58fc8200:   00007f8d5392e540 00007fff77ac3348
0x00007fff58fc8210:   0000000000000000 0000000000000004
0x00007fff58fc8220:   00003a039536153e 00007f8d53908074
0x00007fff58fc8230:   0000000000000000 00007fff76a777a0
0x00007fff58fc8240:   00007f8d51f2d590 00007fff87bf01ac
0x00007fff58fc8250:   00000000fffff800 0000000000000002
0x00007fff58fc8260:   00007fff58fc82a0 00007fff9536153e
0x00007fff58fc8270:   0000000106c52a00 0000000000000002
0x00007fff58fc8280:   0000000106c4f000 00007f8d53803452
0x00007fff58fc8290:   0000000000000003 0000000106c53400
0x00007fff58fc82a0:   00007fff58fc8390 00007fff953602a2
0x00007fff58fc82b0:   4095540000000000 404e000000000000
0x00007fff58fc82c0:   0000000000000017 0000000000000000
0x00007fff58fc82d0:   00000000000f4268 0000000000000000
0x00007fff58fc82e0:   0000000000000000 0000000000000000 

Instructions: (pc=0x000000011ff48381)
0x000000011ff48361:   48 89 e5 41 56 53 48 8d 05 d2 2a 03 00 48 83 38
0x000000011ff48371:   00 48 89 fb 75 72 48 8d 05 ca 29 03 00 48 8b 30
0x000000011ff48381:   48 8b 03 48 8d 15 7c 99 01 00 48 8d 0d 5e 6f 01
0x000000011ff48391:   00 48 89 df ff 90 88 03 00 00 48 8d 0d 9e 2a 03 

Register to memory mapping:

RAX=0x000000011ff7ad48: jScreenClass+0 in /Library/Java/JavaVirtualMachines/jdk1.8.0_20.jdk/Contents/Home/jre/lib/libglass.dylib at 0x000000011ff32000
RBX=0x0000000000000000 is an unknown value
RCX=0x1200ed12de8a6917 is an unknown value
RDX=0x00007fff780131f8: __sFX+0x1c8 in /usr/lib/system/libsystem_c.dylib at 0x00007fff8f5dd000
RSP=0x00007fff58fc80f0 is an unknown value
RBP=0x00007fff58fc8100 is an unknown value
RSI=0x00007f8d51c33e98 is a global jni handle
RDI=0x0000000000000000 is an unknown value
R8 =0x00007fff58fc7fa0 is an unknown value
R9 =0x00007fff77368300: _thread+0 in /usr/lib/system/libsystem_pthread.dylib at 0x00007fff8a4cb000
R10=0x0000000000000000 is an unknown value
R11=0x0000000000000246 is an unknown value
R12=0x00007f8d53908050 is an unknown value
R13=0x00000000000f4268 is an unknown value
R14=0x00007f8d51f2d590 is an unknown value
R15=0x00007fff58fc8240 is an unknown value


Stack: [0x00007fff587cb000,0x00007fff58fcb000],  sp=0x00007fff58fc80f0,  free space=8180k
Native frames: (J=compiled Java code, j=interpreted, Vv=VM code, C=native code)
C  [libglass.dylib+0x16381]  GlassScreenDidChangeScreenParameters+0x21
C  [CoreFoundation+0x11ecbc]  __CFNOTIFICATIONCENTER_IS_CALLING_OUT_TO_AN_OBSERVER__+0xc
C  [CoreFoundation+0x101b4]  _CFXNotificationPost+0xc44
C  [Foundation+0x2ea1]  -[NSNotificationCenter postNotificationName:object:userInfo:]+0x42
C  [AppKit+0x362f3e]  -[NSApplication _reactToScreenInvalidationImmediately:]+0x17b
C  [AppKit+0x362d7d]  __44-[NSApplication _reactToScreenInvalidation:]_block_invoke+0x4b
C  [CoreFoundation+0x8054c]  __CFRUNLOOP_IS_CALLING_OUT_TO_A_BLOCK__+0xc
C  [CoreFoundation+0x72655]  __CFRunLoopDoBlocks+0x155
C  [CoreFoundation+0x72196]  __CFRunLoopRun+0x716
C  [CoreFoundation+0x71838]  CFRunLoopRunSpecific+0x128
C  [java+0x56cc]  CreateExecutionEnvironment+0x367
C  [java+0x165c]  JLI_Launch+0x7a0
C  [java+0x768a]  main+0x65
C  [java+0xeb4]  start+0x34


---------------  P R O C E S S  ---------------

VM state:at safepoint (normal execution)

VM Mutex/Monitor currently owned by a thread:  ([mutex/lock_event])
[0x00007f8d51f01140] Threads_lock - owner thread: 0x00007f8d5206b000

Heap:
 PSYoungGen      total 18944K, used 11565K [0x00000007aab00000, 0x00000007ac000000, 0x00000007c0000000)
  eden space 16384K, 70% used [0x00000007aab00000,0x00000007ab64b688,0x00000007abb00000)
  from space 2560K, 0% used [0x00000007abd80000,0x00000007abd80000,0x00000007ac000000)
  to   space 2560K, 0% used [0x00000007abb00000,0x00000007abb00000,0x00000007abd80000)
 ParOldGen       total 44032K, used 0K [0x0000000780000000, 0x0000000782b00000, 0x00000007aab00000)
  object space 44032K, 0% used [0x0000000780000000,0x0000000780000000,0x0000000782b00000)
 Metaspace       used 8344K, capacity 8650K, committed 8832K, reserved 1056768K
  class space    used 1011K, capacity 1097K, committed 1152K, reserved 1048576K

Card table byte_map: [0x00000001181c0000,0x00000001183c1000] byte_map_base: 0x00000001145c0000

Marking Bits: (ParMarkBitMap*) 0x00000001075cf330
 Begin Bits: [0x0000000118d2f000, 0x0000000119d2f000)
 End Bits:   [0x0000000119d2f000, 0x000000011ad2f000)

Polling page: 0x0000000107daa000

CodeCache: size=245760Kb used=2128Kb max_used=2128Kb free=243631Kb
 bounds [0x0000000108e00000, 0x0000000109070000, 0x0000000117e00000]
 total_blobs=902 nmethods=510 adapters=307
 compilation: enabled

Compilation events (10 events):
Event: 0.591 Thread 0x00007f8d52046000  506   !   3       java.lang.invoke.MemberName::clone (14 bytes)
Event: 0.591 Thread 0x00007f8d52046000 nmethod 506 0x0000000109013350 code [0x00000001090134e0, 0x0000000109013878]
Event: 0.592 Thread 0x00007f8d52046000  507       1       java.nio.Buffer::limit (5 bytes)
Event: 0.592 Thread 0x00007f8d52046000 nmethod 507 0x0000000109013a10 code [0x0000000109013b60, 0x0000000109013c70]
Event: 0.592 Thread 0x00007f8d52046000  508       3       java.nio.ByteBuffer::arrayOffset (35 bytes)
Event: 0.592 Thread 0x00007f8d52046000 nmethod 508 0x0000000109013cd0 code [0x0000000109013e60, 0x0000000109014158]
Event: 0.592 Thread 0x00007f8d52046000  509       3       java.nio.Buffer::position (43 bytes)
Event: 0.593 Thread 0x00007f8d52046000 nmethod 509 0x0000000109014290 code [0x0000000109014400, 0x00000001090146a8]
Event: 0.593 Thread 0x00007f8d52046000  510       3       java.nio.CharBuffer::arrayOffset (35 bytes)
Event: 0.593 Thread 0x00007f8d52046000 nmethod 510 0x0000000109014750 code [0x00000001090148e0, 0x0000000109014bd8]

GC Heap History (0 events):
No events

Deoptimization events (0 events):
No events

Internal exceptions (10 events):
Event: 0.468 Thread 0x00007f8d53039000 Exception <a 'java/security/PrivilegedActionException'> (0x00000007ab4afb48) thrown at [/HUDSON3/workspace/8-2-build-macosx-x86_64/jdk8u20/1074/hotspot/src/share/vm/prims/jvm.cpp, line 1275]
Event: 0.471 Thread 0x00007f8d53039000 Exception <a 'java/security/PrivilegedActionException'> (0x00000007ab4b6740) thrown at [/HUDSON3/workspace/8-2-build-macosx-x86_64/jdk8u20/1074/hotspot/src/share/vm/prims/jvm.cpp, line 1275]
Event: 0.507 Thread 0x00007f8d53039000 Exception <a 'java/security/PrivilegedActionException'> (0x00000007ab5115b8) thrown at [/HUDSON3/workspace/8-2-build-macosx-x86_64/jdk8u20/1074/hotspot/src/share/vm/prims/jvm.cpp, line 1275]
Event: 0.507 Thread 0x00007f8d53039000 Exception <a 'java/security/PrivilegedActionException'> (0x00000007ab512c80) thrown at [/HUDSON3/workspace/8-2-build-macosx-x86_64/jdk8u20/1074/hotspot/src/share/vm/prims/jvm.cpp, line 1275]
Event: 0.508 Thread 0x00007f8d53039000 Exception <a 'java/security/PrivilegedActionException'> (0x00000007ab5192e8) thrown at [/HUDSON3/workspace/8-2-build-macosx-x86_64/jdk8u20/1074/hotspot/src/share/vm/prims/jvm.cpp, line 1275]
Event: 0.508 Thread 0x00007f8d53039000 Exception <a 'java/security/PrivilegedActionException'> (0x00000007ab51aa08) thrown at [/HUDSON3/workspace/8-2-build-macosx-x86_64/jdk8u20/1074/hotspot/src/share/vm/prims/jvm.cpp, line 1275]
Event: 0.508 Thread 0x00007f8d53039000 Exception <a 'java/security/PrivilegedActionException'> (0x00000007ab51d218) thrown at [/HUDSON3/workspace/8-2-build-macosx-x86_64/jdk8u20/1074/hotspot/src/share/vm/prims/jvm.cpp, line 1275]
Event: 0.508 Thread 0x00007f8d53039000 Exception <a 'java/security/PrivilegedActionException'> (0x00000007ab51e7f0) thrown at [/HUDSON3/workspace/8-2-build-macosx-x86_64/jdk8u20/1074/hotspot/src/share/vm/prims/jvm.cpp, line 1275]
Event: 0.532 Thread 0x00007f8d53039000 Exception <a 'java/security/PrivilegedActionException'> (0x00000007ab5f6d48) thrown at [/HUDSON3/workspace/8-2-build-macosx-x86_64/jdk8u20/1074/hotspot/src/share/vm/prims/jvm.cpp, line 1275]
Event: 0.591 Thread 0x00007f8d5200c000 Exception <a 'java/lang/reflect/InvocationTargetException'> (0x00000007ab2bc748) thrown at [/HUDSON3/workspace/8-2-build-macosx-x86_64/jdk8u20/1074/hotspot/src/share/vm/runtime/reflection.cpp, line 1079]

Events (10 events):
Event: 0.591 loading class java/util/IdentityHashMap$KeySet done
Event: 0.592 loading class java/util/Formatter$Conversion
Event: 0.592 loading class java/util/Formatter$Conversion done
Event: 0.592 loading class java/util/Formattable
Event: 0.592 loading class java/util/Formattable done
Event: 0.593 loading class java/util/IdentityHashMap$KeyIterator
Event: 0.593 loading class java/util/IdentityHashMap$IdentityHashMapIterator
Event: 0.593 loading class java/util/IdentityHashMap$IdentityHashMapIterator done
Event: 0.593 loading class java/util/IdentityHashMap$KeyIterator done
Event: 0.593 Executing VM operation: Exit


Dynamic libraries:
0x00000000067f7000 	/System/Library/Frameworks/Cocoa.framework/Versions/A/Cocoa
0x00000000067f7000 	/System/Library/Frameworks/Security.framework/Versions/A/Security
0x00000000067f7000 	/System/Library/Frameworks/ApplicationServices.framework/Versions/A/ApplicationServices
0x00000000067f7000 	/usr/lib/libz.1.dylib
0x00000000067f7000 	/usr/lib/libSystem.B.dylib
0x00000000067f7000 	/usr/lib/libobjc.A.dylib
0x00000000067f7000 	/System/Library/Frameworks/CoreFoundation.framework/Versions/A/CoreFoundation
0x00000000067f7000 	/System/Library/Frameworks/Foundation.framework/Versions/C/Foundation
0x00000000067f7000 	/System/Library/Frameworks/AppKit.framework/Versions/C/AppKit
0x00000000067f7000 	/System/Library/Frameworks/CoreData.framework/Versions/A/CoreData
0x00000000067f7000 	/System/Library/PrivateFrameworks/RemoteViewServices.framework/Versions/A/RemoteViewServices
0x00000000067f7000 	/System/Library/PrivateFrameworks/UIFoundation.framework/Versions/A/UIFoundation
0x00000000067f7000 	/System/Library/Frameworks/IOSurface.framework/Versions/A/IOSurface
0x00000000067f7000 	/System/Library/Frameworks/AudioToolbox.framework/Versions/A/AudioToolbox
0x00000000067f7000 	/System/Library/Frameworks/AudioUnit.framework/Versions/A/AudioUnit
0x00000000067f7000 	/System/Library/PrivateFrameworks/DataDetectorsCore.framework/Versions/A/DataDetectorsCore
0x00000000067f7000 	/System/Library/PrivateFrameworks/DesktopServicesPriv.framework/Versions/A/DesktopServicesPriv
0x00000000067f7000 	/System/Library/Frameworks/Carbon.framework/Versions/A/Frameworks/HIToolbox.framework/Versions/A/HIToolbox
0x00000000067f7000 	/System/Library/Frameworks/QuartzCore.framework/Versions/A/QuartzCore
0x00000000067f7000 	/System/Library/Frameworks/Carbon.framework/Versions/A/Frameworks/SpeechRecognition.framework/Versions/A/SpeechRecognition
0x00000000067f7000 	/usr/lib/libauto.dylib
0x00000000067f7000 	/usr/lib/libicucore.A.dylib
0x00000000067f7000 	/usr/lib/libxml2.2.dylib
0x00000000067f7000 	/System/Library/PrivateFrameworks/CoreUI.framework/Versions/A/CoreUI
0x00000000067f7000 	/System/Library/Frameworks/CoreAudio.framework/Versions/A/CoreAudio
0x00000000067f7000 	/System/Library/Frameworks/DiskArbitration.framework/Versions/A/DiskArbitration
0x00000000067f7000 	/usr/lib/liblangid.dylib
0x00000000067f7000 	/System/Library/PrivateFrameworks/MultitouchSupport.framework/Versions/A/MultitouchSupport
0x00000000067f7000 	/System/Library/Frameworks/IOKit.framework/Versions/A/IOKit
0x00000000067f7000 	/usr/lib/libDiagnosticMessagesClient.dylib
0x00000000067f7000 	/System/Library/Frameworks/CoreServices.framework/Versions/A/CoreServices
0x00000000067f7000 	/System/Library/PrivateFrameworks/PerformanceAnalysis.framework/Versions/A/PerformanceAnalysis
0x00000000067f7000 	/System/Library/PrivateFrameworks/GenerationalStorage.framework/Versions/A/GenerationalStorage
0x00000000067f7000 	/System/Library/Frameworks/OpenGL.framework/Versions/A/OpenGL
0x00000000067f7000 	/System/Library/PrivateFrameworks/Sharing.framework/Versions/A/Sharing
0x00000000067f7000 	/System/Library/Frameworks/CoreGraphics.framework/Versions/A/CoreGraphics
0x00000000067f7000 	/System/Library/Frameworks/CoreText.framework/Versions/A/CoreText
0x00000000067f7000 	/System/Library/Frameworks/ImageIO.framework/Versions/A/ImageIO
0x00000000067f7000 	/usr/lib/libextension.dylib
0x00000000067f7000 	/System/Library/PrivateFrameworks/Backup.framework/Versions/A/Backup
0x00000000067f7000 	/usr/lib/libarchive.2.dylib
0x00000000067f7000 	/System/Library/Frameworks/CFNetwork.framework/Versions/A/CFNetwork
0x00000000067f7000 	/System/Library/Frameworks/SystemConfiguration.framework/Versions/A/SystemConfiguration
0x00000000067f7000 	/usr/lib/libCRFSuite.dylib
0x00000000067f7000 	/usr/lib/libc++.1.dylib
0x00000000067f7000 	/usr/lib/libc++abi.dylib
0x00000000067f7000 	/usr/lib/system/libcache.dylib
0x00000000067f7000 	/usr/lib/system/libcommonCrypto.dylib
0x00000000067f7000 	/usr/lib/system/libcompiler_rt.dylib
0x00000000067f7000 	/usr/lib/system/libcopyfile.dylib
0x00000000067f7000 	/usr/lib/system/libcorecrypto.dylib
0x00000000067f7000 	/usr/lib/system/libdispatch.dylib
0x00000000067f7000 	/usr/lib/system/libdyld.dylib
0x00000000067f7000 	/usr/lib/system/libkeymgr.dylib
0x00000000067f7000 	/usr/lib/system/liblaunch.dylib
0x00000000067f7000 	/usr/lib/system/libmacho.dylib
0x00000000067f7000 	/usr/lib/system/libquarantine.dylib
0x00000000067f7000 	/usr/lib/system/libremovefile.dylib
0x00000000067f7000 	/usr/lib/system/libsystem_asl.dylib
0x00000000067f7000 	/usr/lib/system/libsystem_blocks.dylib
0x00000000067f7000 	/usr/lib/system/libsystem_c.dylib
0x00000000067f7000 	/usr/lib/system/libsystem_configuration.dylib
0x00000000067f7000 	/usr/lib/system/libsystem_coreservices.dylib
0x00000000067f7000 	/usr/lib/system/libsystem_coretls.dylib
0x00000000067f7000 	/usr/lib/system/libsystem_dnssd.dylib
0x00000000067f7000 	/usr/lib/system/libsystem_info.dylib
0x00000000067f7000 	/usr/lib/system/libsystem_kernel.dylib
0x00000000067f7000 	/usr/lib/system/libsystem_m.dylib
0x00000000067f7000 	/usr/lib/system/libsystem_malloc.dylib
0x00000000067f7000 	/usr/lib/system/libsystem_network.dylib
0x00000000067f7000 	/usr/lib/system/libsystem_networkextension.dylib
0x00000000067f7000 	/usr/lib/system/libsystem_notify.dylib
0x00000000067f7000 	/usr/lib/system/libsystem_platform.dylib
0x00000000067f7000 	/usr/lib/system/libsystem_pthread.dylib
0x00000000067f7000 	/usr/lib/system/libsystem_sandbox.dylib
0x00000000067f7000 	/usr/lib/system/libsystem_secinit.dylib
0x00000000067f7000 	/usr/lib/system/libsystem_stats.dylib
0x00000000067f7000 	/usr/lib/system/libsystem_trace.dylib
0x00000000067f7000 	/usr/lib/system/libunc.dylib
0x00000000067f7000 	/usr/lib/system/libunwind.dylib
0x00000000067f7000 	/usr/lib/system/libxpc.dylib
0x00000000067f7000 	/usr/lib/libbz2.1.0.dylib
0x00000000067f7000 	/usr/lib/liblzma.5.dylib
0x00000000067f7000 	/usr/lib/libbsm.0.dylib
0x00000000067f7000 	/usr/lib/libsqlite3.dylib
0x00000000067f7000 	/usr/lib/system/libkxld.dylib
0x00000000067f7000 	/usr/lib/libxar.1.dylib
0x00000000067f7000 	/usr/lib/libpam.2.dylib
0x00000000067f7000 	/usr/lib/libOpenScriptingUtil.dylib
0x00000000067f7000 	/System/Library/Frameworks/CoreServices.framework/Versions/A/Frameworks/FSEvents.framework/Versions/A/FSEvents
0x00000000067f7000 	/System/Library/Frameworks/CoreServices.framework/Versions/A/Frameworks/CarbonCore.framework/Versions/A/CarbonCore
0x00000000067f7000 	/System/Library/Frameworks/CoreServices.framework/Versions/A/Frameworks/Metadata.framework/Versions/A/Metadata
0x00000000067f7000 	/System/Library/Frameworks/CoreServices.framework/Versions/A/Frameworks/OSServices.framework/Versions/A/OSServices
0x00000000067f7000 	/System/Library/Frameworks/CoreServices.framework/Versions/A/Frameworks/SearchKit.framework/Versions/A/SearchKit
0x00000000067f7000 	/System/Library/Frameworks/CoreServices.framework/Versions/A/Frameworks/AE.framework/Versions/A/AE
0x00000000067f7000 	/System/Library/Frameworks/CoreServices.framework/Versions/A/Frameworks/LaunchServices.framework/Versions/A/LaunchServices
0x00000000067f7000 	/System/Library/Frameworks/CoreServices.framework/Versions/A/Frameworks/DictionaryServices.framework/Versions/A/DictionaryServices
0x00000000067f7000 	/System/Library/Frameworks/NetFS.framework/Versions/A/NetFS
0x00000000067f7000 	/System/Library/PrivateFrameworks/NetAuth.framework/Versions/A/NetAuth
0x00000000067f7000 	/System/Library/PrivateFrameworks/login.framework/Versions/A/Frameworks/loginsupport.framework/Versions/A/loginsupport
0x00000000067f7000 	/System/Library/PrivateFrameworks/TCC.framework/Versions/A/TCC
0x00000000067f7000 	/usr/lib/libmecabra.dylib
0x00000000067f7000 	/System/Library/PrivateFrameworks/LanguageModeling.framework/Versions/A/LanguageModeling
0x00000000067f7000 	/usr/lib/libcmph.dylib
0x00000000067f7000 	/usr/lib/libiconv.2.dylib
0x00000000067f7000 	/System/Library/Frameworks/OpenDirectory.framework/Versions/A/Frameworks/CFOpenDirectory.framework/Versions/A/CFOpenDirectory
0x00000000067f7000 	/System/Library/Frameworks/ServiceManagement.framework/Versions/A/ServiceManagement
0x00000000067f7000 	/usr/lib/libxslt.1.dylib
0x00000000067f7000 	/System/Library/Frameworks/Carbon.framework/Versions/A/Frameworks/Ink.framework/Versions/A/Ink
0x00000000067f7000 	/System/Library/Frameworks/ApplicationServices.framework/Versions/A/Frameworks/ATS.framework/Versions/A/ATS
0x00000000067f7000 	/System/Library/Frameworks/ApplicationServices.framework/Versions/A/Frameworks/ColorSync.framework/Versions/A/ColorSync
0x00000000067f7000 	/System/Library/Frameworks/ApplicationServices.framework/Versions/A/Frameworks/HIServices.framework/Versions/A/HIServices
0x00000000067f7000 	/System/Library/Frameworks/ApplicationServices.framework/Versions/A/Frameworks/LangAnalysis.framework/Versions/A/LangAnalysis
0x00000000067f7000 	/System/Library/Frameworks/ApplicationServices.framework/Versions/A/Frameworks/PrintCore.framework/Versions/A/PrintCore
0x00000000067f7000 	/System/Library/Frameworks/ApplicationServices.framework/Versions/A/Frameworks/QD.framework/Versions/A/QD
0x00000000067f7000 	/System/Library/Frameworks/ApplicationServices.framework/Versions/A/Frameworks/SpeechSynthesis.framework/Versions/A/SpeechSynthesis
0x00000000067f7000 	/System/Library/Frameworks/Accelerate.framework/Versions/A/Accelerate
0x00000000067f7000 	/System/Library/Frameworks/Accelerate.framework/Versions/A/Frameworks/vImage.framework/Versions/A/vImage
0x00000000067f7000 	/System/Library/Frameworks/Accelerate.framework/Versions/A/Frameworks/vecLib.framework/Versions/A/vecLib
0x00000000067f7000 	/System/Library/Frameworks/Accelerate.framework/Versions/A/Frameworks/vecLib.framework/Versions/A/libvDSP.dylib
0x00000000067f7000 	/System/Library/Frameworks/Accelerate.framework/Versions/A/Frameworks/vecLib.framework/Versions/A/libvMisc.dylib
0x00000000067f7000 	/System/Library/Frameworks/Accelerate.framework/Versions/A/Frameworks/vecLib.framework/Versions/A/libLAPACK.dylib
0x00000000067f7000 	/System/Library/Frameworks/Accelerate.framework/Versions/A/Frameworks/vecLib.framework/Versions/A/libBLAS.dylib
0x00000000067f7000 	/System/Library/Frameworks/Accelerate.framework/Versions/A/Frameworks/vecLib.framework/Versions/A/libLinearAlgebra.dylib
0x00000000067f7000 	/System/Library/Frameworks/ApplicationServices.framework/Versions/A/Frameworks/ATS.framework/Versions/A/Resources/libFontParser.dylib
0x00000000067f7000 	/System/Library/Frameworks/ApplicationServices.framework/Versions/A/Frameworks/ATS.framework/Versions/A/Resources/libFontRegistry.dylib
0x00000000067f7000 	/System/Library/PrivateFrameworks/AppleVPA.framework/Versions/A/AppleVPA
0x00000000067f7000 	/System/Library/PrivateFrameworks/AppleJPEG.framework/Versions/A/AppleJPEG
0x00000000067f7000 	/System/Library/Frameworks/ImageIO.framework/Versions/A/Resources/libJPEG.dylib
0x00000000067f7000 	/System/Library/Frameworks/ImageIO.framework/Versions/A/Resources/libTIFF.dylib
0x00000000067f7000 	/System/Library/Frameworks/ImageIO.framework/Versions/A/Resources/libPng.dylib
0x00000000067f7000 	/System/Library/Frameworks/ImageIO.framework/Versions/A/Resources/libGIF.dylib
0x00000000067f7000 	/System/Library/Frameworks/ImageIO.framework/Versions/A/Resources/libJP2.dylib
0x00000000067f7000 	/System/Library/Frameworks/ImageIO.framework/Versions/A/Resources/libRadiance.dylib
0x00000000067f7000 	/System/Library/Frameworks/CoreVideo.framework/Versions/A/CoreVideo
0x00000000067f7000 	/System/Library/Frameworks/OpenGL.framework/Versions/A/Libraries/libGLU.dylib
0x00000000067f7000 	/System/Library/Frameworks/OpenGL.framework/Versions/A/Libraries/libGFXShared.dylib
0x00000000067f7000 	/System/Library/Frameworks/OpenGL.framework/Versions/A/Libraries/libGL.dylib
0x00000000067f7000 	/System/Library/Frameworks/OpenGL.framework/Versions/A/Libraries/libGLImage.dylib
0x00000000067f7000 	/System/Library/Frameworks/OpenGL.framework/Versions/A/Libraries/libCVMSPluginSupport.dylib
0x00000000067f7000 	/System/Library/Frameworks/OpenGL.framework/Versions/A/Libraries/libCoreVMClient.dylib
0x00000000067f7000 	/usr/lib/libcups.2.dylib
0x00000000067f7000 	/System/Library/Frameworks/Kerberos.framework/Versions/A/Kerberos
0x00000000067f7000 	/System/Library/Frameworks/GSS.framework/Versions/A/GSS
0x00000000067f7000 	/usr/lib/libresolv.9.dylib
0x00000000067f7000 	/System/Library/PrivateFrameworks/Heimdal.framework/Versions/A/Heimdal
0x00000000067f7000 	/usr/lib/libheimdal-asn1.dylib
0x00000000067f7000 	/System/Library/Frameworks/OpenDirectory.framework/Versions/A/OpenDirectory
0x00000000067f7000 	/System/Library/PrivateFrameworks/CommonAuth.framework/Versions/A/CommonAuth
0x00000000067f7000 	/System/Library/Frameworks/SecurityFoundation.framework/Versions/A/SecurityFoundation
0x00000000067f7000 	/System/Library/Frameworks/QuartzCore.framework/Versions/A/Frameworks/CoreImage.framework/Versions/A/CoreImage
0x00000000067f7000 	/System/Library/PrivateFrameworks/CrashReporterSupport.framework/Versions/A/CrashReporterSupport
0x00000000067f7000 	/System/Library/Frameworks/OpenCL.framework/Versions/A/OpenCL
0x00000000067f7000 	/System/Library/PrivateFrameworks/FaceCore.framework/Versions/A/FaceCore
0x00000000067f7000 	/System/Library/PrivateFrameworks/Ubiquity.framework/Versions/A/Ubiquity
0x00000000067f7000 	/System/Library/PrivateFrameworks/IconServices.framework/Versions/A/IconServices
0x00000000067f7000 	/System/Library/PrivateFrameworks/ChunkingLibrary.framework/Versions/A/ChunkingLibrary
0x00000000067f7000 	/System/Library/PrivateFrameworks/Apple80211.framework/Versions/A/Apple80211
0x00000000067f7000 	/System/Library/Frameworks/CoreWLAN.framework/Versions/A/CoreWLAN
0x00000000067f7000 	/System/Library/Frameworks/IOBluetooth.framework/Versions/A/IOBluetooth
0x00000000067f7000 	/System/Library/PrivateFrameworks/CoreWiFi.framework/Versions/A/CoreWiFi
0x00000000067f7000 	/System/Library/Frameworks/CoreBluetooth.framework/Versions/A/CoreBluetooth
0x00000000067f7000 	/System/Library/PrivateFrameworks/DebugSymbols.framework/Versions/A/DebugSymbols
0x00000000067f7000 	/System/Library/PrivateFrameworks/CoreSymbolication.framework/Versions/A/CoreSymbolication
0x00000000067f7000 	/System/Library/PrivateFrameworks/Symbolication.framework/Versions/A/Symbolication
0x00000000067f7000 	/System/Library/PrivateFrameworks/SpeechRecognitionCore.framework/Versions/A/SpeechRecognitionCore
0x0000000106d33000 	/Library/Java/JavaVirtualMachines/jdk1.8.0_20.jdk/Contents/Home/jre/lib/server/libjvm.dylib
0x00000000067f7000 	/usr/lib/libstdc++.6.dylib
0x0000000107d68000 	/Library/Java/JavaVirtualMachines/jdk1.8.0_20.jdk/Contents/Home/jre/lib/libverify.dylib
0x0000000107d76000 	/Library/Java/JavaVirtualMachines/jdk1.8.0_20.jdk/Contents/Home/jre/lib/libjava.dylib
0x0000000107db4000 	/Library/Java/JavaVirtualMachines/jdk1.8.0_20.jdk/Contents/Home/jre/lib/libzip.dylib
0x000000011d95b000 	/System/Library/Frameworks/JavaVM.framework/Frameworks/JavaRuntimeSupport.framework/JavaRuntimeSupport
0x000000011d971000 	/System/Library/Frameworks/JavaVM.framework/Versions/A/Frameworks/JavaNativeFoundation.framework/Versions/A/JavaNativeFoundation
0x000000011d985000 	/System/Library/Frameworks/JavaVM.framework/Versions/A/JavaVM
0x00000000067f7000 	/System/Library/Frameworks/Carbon.framework/Versions/A/Carbon
0x000000011d991000 	/System/Library/PrivateFrameworks/JavaLaunching.framework/Versions/A/JavaLaunching
0x00000000067f7000 	/System/Library/Frameworks/Carbon.framework/Versions/A/Frameworks/CommonPanels.framework/Versions/A/CommonPanels
0x00000000067f7000 	/System/Library/Frameworks/Carbon.framework/Versions/A/Frameworks/Help.framework/Versions/A/Help
0x00000000067f7000 	/System/Library/Frameworks/Carbon.framework/Versions/A/Frameworks/ImageCapture.framework/Versions/A/ImageCapture
0x00000000067f7000 	/System/Library/Frameworks/Carbon.framework/Versions/A/Frameworks/OpenScripting.framework/Versions/A/OpenScripting
0x00000000067f7000 	/System/Library/Frameworks/Carbon.framework/Versions/A/Frameworks/Print.framework/Versions/A/Print
0x00000000067f7000 	/System/Library/Frameworks/Carbon.framework/Versions/A/Frameworks/SecurityHI.framework/Versions/A/SecurityHI
0x000000011fa5e000 	/Library/Java/JavaVirtualMachines/jdk1.8.0_20.jdk/Contents/Home/jre/lib/libprism_es2.dylib
0x00000000067f7000 	/System/Library/Frameworks/OpenGL.framework/Versions/A/Resources/GLEngine.bundle/GLEngine
0x00000000067f7000 	/System/Library/Frameworks/OpenGL.framework/Versions/A/Libraries/libGLProgrammability.dylib
0x0000000000000000 	/System/Library/Extensions/AppleIntelHD3000GraphicsGLDriver.bundle/Contents/MacOS/AppleIntelHD3000GraphicsGLDriver
0x000000011fadb000 	/System/Library/PrivateFrameworks/GPUSupport.framework/Versions/A/Libraries/libGPUSupport.dylib
0x0000000000000000 	/System/Library/Extensions/AMDRadeonX3000GLDriver.bundle/Contents/MacOS/AMDRadeonX3000GLDriver
0x00000000067f7000 	/System/Library/PrivateFrameworks/IOAccelerator.framework/Versions/A/IOAccelerator
0x00000000067f7000 	/System/Library/PrivateFrameworks/GPUSupport.framework/Versions/A/Libraries/libGPUSupportMercury.dylib
0x00000000067f7000 	/System/Library/Frameworks/OpenGL.framework/Versions/A/Resources/GLRendererFloat.bundle/GLRendererFloat
0x00000000067f7000 	/System/Library/Frameworks/OpenCL.framework/Versions/A/Libraries/libcldcpuengine.dylib
0x00000000067f7000 	/System/Library/PrivateFrameworks/DiskImages.framework/Versions/A/DiskImages
0x00000000067f7000 	/System/Library/Frameworks/DiscRecording.framework/Versions/A/DiscRecording
0x00000000067f7000 	/usr/lib/libcsfde.dylib
0x00000000067f7000 	/usr/lib/libcurl.4.dylib
0x00000000067f7000 	/System/Library/PrivateFrameworks/MediaKit.framework/Versions/A/MediaKit
0x00000000067f7000 	/System/Library/PrivateFrameworks/ProtectedCloudStorage.framework/Versions/A/ProtectedCloudStorage
0x00000000067f7000 	/usr/lib/libCoreStorage.dylib
0x00000000067f7000 	/System/Library/PrivateFrameworks/EFILogin.framework/Versions/A/EFILogin
0x00000000067f7000 	/usr/lib/libutil.dylib
0x00000000067f7000 	/System/Library/PrivateFrameworks/FindMyDevice.framework/Versions/A/FindMyDevice
0x00000000067f7000 	/System/Library/Frameworks/LDAP.framework/Versions/A/LDAP
0x00000000067f7000 	/usr/lib/libsasl2.2.dylib
0x00000000067f7000 	/System/Library/PrivateFrameworks/CoreDaemon.framework/Versions/B/CoreDaemon
0x00000000067f7000 	/usr/lib/libcrypto.0.9.8.dylib
0x00000000067f7000 	/System/Library/PrivateFrameworks/AppleSRP.framework/Versions/A/AppleSRP
0x00000000067f7000 	/System/Library/PrivateFrameworks/TrustEvaluationAgent.framework/Versions/A/TrustEvaluationAgent
0x000000011ff32000 	/Library/Java/JavaVirtualMachines/jdk1.8.0_20.jdk/Contents/Home/jre/lib/libglass.dylib
0x00000000067f7000 	/System/Library/PrivateFrameworks/CoreServicesInternal.framework/Versions/A/CoreServicesInternal
0x00000000067f7000 	/System/Library/PrivateFrameworks/CloudDocs.framework/Versions/A/CloudDocs
0x00000000067f7000 	/System/Library/PrivateFrameworks/CoreDuet.framework/Versions/A/CoreDuet
0x00000000067f7000 	/System/Library/Frameworks/CloudKit.framework/Versions/A/CloudKit
0x00000000067f7000 	/System/Library/PrivateFrameworks/ProtocolBuffer.framework/Versions/A/ProtocolBuffer
0x00000000067f7000 	/System/Library/PrivateFrameworks/CoreDuetDaemonProtocol.framework/Versions/A/CoreDuetDaemonProtocol
0x00000000067f7000 	/System/Library/PrivateFrameworks/CoreDuetDebugLogging.framework/Versions/A/CoreDuetDebugLogging
0x00000000067f7000 	/System/Library/Frameworks/CoreLocation.framework/Versions/A/CoreLocation
0x00000000067f7000 	/System/Library/Frameworks/Accounts.framework/Versions/A/Accounts
0x00000000067f7000 	/System/Library/PrivateFrameworks/ApplePushService.framework/Versions/A/ApplePushService
0x00000000067f7000 	/System/Library/PrivateFrameworks/GeoServices.framework/Versions/A/GeoServices
0x00000000067f7000 	/System/Library/PrivateFrameworks/OAuth.framework/Versions/A/OAuth
0x00000000067f7000 	/System/Library/Frameworks/CoreGraphics.framework/Versions/A/Resources/libCGCMS.A.dylib
0x00000000067f7000 	/System/Library/CoreServices/RawCamera.bundle/Contents/MacOS/RawCamera
0x00000000067f7000 	/System/Library/Frameworks/CoreGraphics.framework/Versions/A/Resources/libRIP.A.dylib
0x00000000067f7000 	/System/Library/PrivateFrameworks/FamilyControls.framework/Versions/A/FamilyControls
0x00000000067f7000 	/System/Library/PrivateFrameworks/CommerceKit.framework/Versions/A/Frameworks/CommerceCore.framework/Versions/A/CommerceCore
0x00000000067f7000 	/System/Library/PrivateFrameworks/SystemAdministration.framework/Versions/A/SystemAdministration
0x00000000067f7000 	/System/Library/PrivateFrameworks/AppContainer.framework/Versions/A/AppContainer
0x00000000067f7000 	/System/Library/PrivateFrameworks/SecCodeWrapper.framework/Versions/A/SecCodeWrapper
0x00000000067f7000 	/System/Library/Frameworks/DirectoryService.framework/Versions/A/DirectoryService
0x00000000067f7000 	/System/Library/PrivateFrameworks/LoginUIKit.framework/Versions/A/Frameworks/LoginUICore.framework/Versions/A/LoginUICore
0x00000000067f7000 	/usr/lib/libodfde.dylib
0x00000000067f7000 	/System/Library/Frameworks/CoreGraphics.framework/Versions/A/Resources/libCGXType.A.dylib
0x0000000123fdf000 	cl_kernels
0x0000000123fe1000 	/System/Library/Frameworks/OpenCL.framework/Versions/A/Libraries/ImageFormats/unorm8_bgra.dylib
0x0000000123fd0000 	cl_kernels

VM Arguments:
jvm_args: -Dfile.encoding=UTF-8 
java_command: tarea2.JournalDisplay
java_class_path (initial): /Users/salvador_afane/Desktop/Tarea2/build/classes
Launcher Type: SUN_STANDARD

Environment Variables:
PATH=/usr/bin:/bin:/usr/sbin:/sbin
LD_LIBRARY_PATH=/Library/Java/JavaVirtualMachines/jdk1.8.0_20.jdk/Contents/Home/jre/lib/amd64:/Library/Java/JavaVirtualMachines/jdk1.8.0_20.jdk/Contents/Home/jre/lib/i386:
SHELL=/bin/bash
DISPLAY=/private/tmp/com.apple.launchd.G8FIoTQCN8/org.macosforge.xquartz:0
DYLD_LIBRARY_PATH=/Applications/NetBeans/NetBeans 8.0.1.app/Contents/Resources/NetBeans/webcommon/bin:

Signal Handlers:
SIGSEGV: [libjvm.dylib+0x578fd7], sa_mask[0]=11111111011111110111111111111111, sa_flags=SA_ONSTACK|SA_RESTART|SA_SIGINFO
SIGBUS: [libjvm.dylib+0x578fd7], sa_mask[0]=11111111011111110111111111111111, sa_flags=SA_RESTART|SA_SIGINFO
SIGFPE: [libjvm.dylib+0x45ab0c], sa_mask[0]=11111111011111110111111111111111, sa_flags=SA_RESTART|SA_SIGINFO
SIGPIPE: [libjvm.dylib+0x45ab0c], sa_mask[0]=11111111011111110111111111111111, sa_flags=SA_RESTART|SA_SIGINFO
SIGXFSZ: [libjvm.dylib+0x45ab0c], sa_mask[0]=11111111011111110111111111111111, sa_flags=SA_RESTART|SA_SIGINFO
SIGILL: [libjvm.dylib+0x45ab0c], sa_mask[0]=11111111011111110111111111111111, sa_flags=SA_RESTART|SA_SIGINFO
SIGUSR1: SIG_DFL, sa_mask[0]=00000000000000000000000000000000, sa_flags=none
SIGUSR2: [libjvm.dylib+0x45a62a], sa_mask[0]=00100000000000000000000000000000, sa_flags=SA_RESTART|SA_SIGINFO
SIGHUP: [libjvm.dylib+0x458bfd], sa_mask[0]=11111111011111110111111111111111, sa_flags=SA_RESTART|SA_SIGINFO
SIGINT: SIG_IGN, sa_mask[0]=00000000000000000000000000000000, sa_flags=none
SIGTERM: [libjvm.dylib+0x458bfd], sa_mask[0]=11111111011111110111111111111111, sa_flags=SA_RESTART|SA_SIGINFO
SIGQUIT: [libjvm.dylib+0x458bfd], sa_mask[0]=11111111011111110111111111111111, sa_flags=SA_RESTART|SA_SIGINFO


---------------  S Y S T E M  ---------------

OS:Bsduname:Darwin 14.0.0 Darwin Kernel Version 14.0.0: Fri Sep 19 00:26:44 PDT 2014; root:xnu-2782.1.97~2/RELEASE_X86_64 x86_64
rlimit: STACK 8192k, CORE 0k, NPROC 709, NOFILE 10240, AS infinity
load average:1.23 2.13 4.88

CPU:total 8 (4 cores per cpu, 2 threads per core) family 6 model 42 stepping 7, cmov, cx8, fxsr, mmx, sse, sse2, sse3, ssse3, sse4.1, sse4.2, popcnt, avx, aes, clmul, ht, tsc, tscinvbit

Memory: 4k page, physical 4194304k(31684k free)

/proc/meminfo:


vm_info: Java HotSpot(TM) 64-Bit Server VM (25.20-b23) for bsd-amd64 JRE (1.8.0_20-b26), built on Jul 30 2014 13:37:47 by "java_re" with gcc 4.2.1 (Based on Apple Inc. build 5658) (LLVM build 2336.9.00)

time: Wed Oct 22 14:23:31 2014
elapsed time: 0 seconds (0d 0h 0m 0s)

